<?xml version="1.0" encoding="UTF-8"?>
<testng-results ignored="0" total="2" passed="2" failed="0" skipped="0">
  <reporter-output>
  </reporter-output>
  <suite started-at="2024-10-18T23:08:54 IST" name="Surefire suite" finished-at="2024-10-18T23:08:59 IST" duration-ms="4353">
    <groups>
    </groups>
    <test started-at="2024-10-18T23:08:54 IST" name="Surefire test" finished-at="2024-10-18T23:08:59 IST" duration-ms="4353">
      <class name="testcase.TestClass">
        <test-method is-config="true" signature="setup()[pri:0, instance:testcase.TestClass@15761df8]" started-at="2024-10-18T23:08:54 IST" name="setup" finished-at="2024-10-18T23:08:56 IST" duration-ms="1547" status="PASS">
          <reporter-output>
          </reporter-output>
        </test-method> <!-- setup -->
        <test-method signature="Login()[pri:0, instance:testcase.TestClass@15761df8]" started-at="2024-10-18T23:08:56 IST" name="Login" finished-at="2024-10-18T23:08:59 IST" duration-ms="2777" status="PASS">
          <reporter-output>
          </reporter-output>
        </test-method> <!-- Login -->
      </class> <!-- testcase.TestClass -->
      <class name="testcase.SampleTest">
        <test-method signature="TestFirst()[pri:0, instance:testcase.SampleTest@6ab7a896]" started-at="2024-10-18T23:08:56 IST" name="TestFirst" finished-at="2024-10-18T23:08:56 IST" duration-ms="2" status="PASS">
          <reporter-output>
          </reporter-output>
        </test-method> <!-- TestFirst -->
      </class> <!-- testcase.SampleTest -->
    </test> <!-- Surefire test -->
  </suite> <!-- Surefire suite -->
</testng-results>
