<?xml version="1.0" encoding="UTF-8"?>
<testng-results ignored="0" total="1" passed="1" failed="0" skipped="0">
  <reporter-output>
  </reporter-output>
  <suite started-at="2024-10-18T20:46:53 IST" name="Default suite" finished-at="2024-10-18T20:46:57 IST" duration-ms="4004">
    <groups>
    </groups>
    <test started-at="2024-10-18T20:46:53 IST" name="Default test" finished-at="2024-10-18T20:46:57 IST" duration-ms="4004">
      <class name="testcase.TestClass">
        <test-method is-config="true" signature="setup()[pri:0, instance:testcase.TestClass@59474f18]" started-at="2024-10-18T20:46:53 IST" name="setup" finished-at="2024-10-18T20:46:55 IST" duration-ms="1966" status="PASS">
          <reporter-output>
          </reporter-output>
        </test-method> <!-- setup -->
        <test-method signature="Login()[pri:0, instance:testcase.TestClass@59474f18]" started-at="2024-10-18T20:46:55 IST" name="Login" finished-at="2024-10-18T20:46:57 IST" duration-ms="2000" status="PASS">
          <reporter-output>
          </reporter-output>
        </test-method> <!-- Login -->
      </class> <!-- testcase.TestClass -->
    </test> <!-- Default test -->
  </suite> <!-- Default suite -->
</testng-results>
